DetectionModule/build/intermediates/manifest_merge_blame_file/release/manifest-merger-blame-release-report.txt
1<?xml version="1.0" encoding="utf-8"?>
2<manifest xmlns:android="http://schemas.android.com/apk/res/android"
3    package="uni.dcloud.io.uniplugin_module"
4    android:versionCode="1"
5    android:versionName="1.0" >
6
7    <uses-sdk
8        android:minSdkVersion="16"
8-->src\main\AndroidManifest.xml
9        android:targetSdkVersion="28" />
9-->src\main\AndroidManifest.xml
10
11    <application>
11-->src\main\AndroidManifest.xml:3:1-6:15
12        <activity
12-->src\main\AndroidManifest.xml:4:1-5:85
13            android:name="com.tencent.yolov5ncnn.NativePageActivity"
13-->src\main\AndroidManifest.xml:4:11-67
14            android:theme="@android:style/Theme.DeviceDefault.Light.NoActionBar" />
14-->src\main\AndroidManifest.xml:5:5-73
15    </application>
16
17</manifest>